<?xml version="1.0" encoding="UTF-8"?>
<!-- Generated by org.testng.reporters.JUnitReportReporter -->
<testsuite hostname="LAPTOP-7IRFI5DA" failures="0" tests="1" name="testngtest.Test2" time="9.862" errors="0" timestamp="2020-12-30T10:56:44 EST" skipped="0">
  <testcase classname="testngtest.Test2" name="loginlogout" time="9.862"/>
  <system-out/>
</testsuite> <!-- testngtest.Test2 -->
